<?xml version="1.0" encoding="UTF-8"?>
<!-- Generated by org.testng.reporters.JUnitReportReporter -->
<testsuite hostname="CutehomePC" name="com.example.tests.TestFolderCreation" tests="1" failures="0" timestamp="2 Jun 2015 19:55:43 GMT" time="0.610" errors="0">
  <testcase name="testFolderCreation" time="0.610" classname="com.example.tests.TestFolderCreation"/>
</testsuite> <!-- com.example.tests.TestFolderCreation -->
